<?xml version="1.0" encoding="utf-8"?>
<test-run id="2" name="EvenCart.Common.Tests.dll" fullname="F:/SourceRepositories/RoastedMarketplace/src/Tests/EvenCart.Tests.Runner/bin/Debug/netcoreapp3.1/EvenCart.Common.Tests.dll" testcasecount="9" result="Passed" start-time="2020-03-26 15:36:36Z" end-time="2020-03-26 15:37:36Z" duration="60.259856" total="9" passed="9" failed="0" inconclusive="0" skipped="0" asserts="78" random-seed="219826276">
  <command-line><![CDATA[F:\SourceRepositories\RoastedMarketplace\src\Tests\EvenCart.Tests.Runner\bin\Debug\netcoreapp3.1\EvenCart.Tests.Runner.dll]]></command-line>
  <filter />
  <test-suite type="Assembly" id="1118" name="EvenCart.Common.Tests.dll" fullname="F:/SourceRepositories/RoastedMarketplace/src/Tests/EvenCart.Tests.Runner/bin/Debug/netcoreapp3.1/EvenCart.Common.Tests.dll" runstate="Runnable" testcasecount="9" result="Passed" start-time="2020-03-26 15:36:36Z" end-time="2020-03-26 15:37:36Z" duration="60.259856" total="9" passed="9" failed="0" warnings="0" inconclusive="0" skipped="0" asserts="78">
    <environment framework-version="3.12.0.0" clr-version="3.1.0" os-version="Microsoft Windows 10.0.18363" platform="Win32NT" cwd="F:\SourceRepositories\RoastedMarketplace\src\Tests\EvenCart.Tests.Runner" machine-name="AKSHPC" user="apexol" user-domain="AKSHPC" culture="en-IN" uiculture="en-US" os-architecture="x64" />
    <settings>
      <setting name="WorkDirectory" value="F:\SourceRepositories\RoastedMarketplace\src\Tests\EvenCart.Tests.Runner" />
      <setting name="NumberOfTestWorkers" value="8" />
    </settings>
    <properties>
      <property name="_PID" value="12980" />
      <property name="_APPDOMAIN" value="EvenCart.Tests.Runner" />
    </properties>
    <test-suite type="TestSuite" id="1119" name="EvenCart" fullname="EvenCart" runstate="Runnable" testcasecount="9" result="Passed" start-time="2020-03-26 15:36:36Z" end-time="2020-03-26 15:37:36Z" duration="60.259639" total="9" passed="9" failed="0" warnings="0" inconclusive="0" skipped="0" asserts="78">
      <test-suite type="TestSuite" id="1120" name="Common" fullname="EvenCart.Common" runstate="Runnable" testcasecount="9" result="Passed" start-time="2020-03-26 15:36:36Z" end-time="2020-03-26 15:37:36Z" duration="60.259557" total="9" passed="9" failed="0" warnings="0" inconclusive="0" skipped="0" asserts="78">
        <test-suite type="TestSuite" id="1121" name="Tests" fullname="EvenCart.Common.Tests" runstate="Runnable" testcasecount="9" result="Passed" start-time="2020-03-26 15:36:36Z" end-time="2020-03-26 15:37:36Z" duration="60.259522" total="9" passed="9" failed="0" warnings="0" inconclusive="0" skipped="0" asserts="78">
          <test-suite type="TestFixture" id="1101" name="CommonHelperTests" fullname="EvenCart.Common.Tests.CommonHelperTests" classname="EvenCart.Common.Tests.CommonHelperTests" runstate="Runnable" testcasecount="1" result="Passed" start-time="2020-03-26 15:36:36Z" end-time="2020-03-26 15:36:36Z" duration="0.005654" total="1" passed="1" failed="0" warnings="0" inconclusive="0" skipped="0" asserts="5">
            <test-case id="1102" name="Generate_Slug_Tests_Succeed" fullname="EvenCart.Common.Tests.CommonHelperTests.Generate_Slug_Tests_Succeed" methodname="Generate_Slug_Tests_Succeed" classname="EvenCart.Common.Tests.CommonHelperTests" runstate="Runnable" seed="2018932804" result="Passed" start-time="2020-03-26 15:36:36Z" end-time="2020-03-26 15:36:36Z" duration="0.005078" asserts="5" />
          </test-suite>
          <test-suite type="TestFixture" id="1103" name="DateTimeExtensionTests" fullname="EvenCart.Common.Tests.DateTimeExtensionTests" classname="EvenCart.Common.Tests.DateTimeExtensionTests" runstate="Runnable" testcasecount="1" result="Passed" start-time="2020-03-26 15:36:36Z" end-time="2020-03-26 15:36:36Z" duration="0.003227" total="1" passed="1" failed="0" warnings="0" inconclusive="0" skipped="0" asserts="6">
            <test-case id="1104" name="GetWeekRange_Succeeds" fullname="EvenCart.Common.Tests.DateTimeExtensionTests.GetWeekRange_Succeeds" methodname="GetWeekRange_Succeeds" classname="EvenCart.Common.Tests.DateTimeExtensionTests" runstate="Runnable" seed="1986855759" result="Passed" start-time="2020-03-26 15:36:36Z" end-time="2020-03-26 15:36:36Z" duration="0.002862" asserts="6" />
          </test-suite>
          <test-suite type="TestFixture" id="1105" name="HtmlUtilityTests" fullname="EvenCart.Common.Tests.HtmlUtilityTests" classname="EvenCart.Common.Tests.HtmlUtilityTests" runstate="Runnable" testcasecount="1" result="Passed" start-time="2020-03-26 15:36:36Z" end-time="2020-03-26 15:36:36Z" duration="0.149422" total="1" passed="1" failed="0" warnings="0" inconclusive="0" skipped="0" asserts="3">
            <test-case id="1106" name="HtmlUtility_Tests_Succeeed" fullname="EvenCart.Common.Tests.HtmlUtilityTests.HtmlUtility_Tests_Succeeed" methodname="HtmlUtility_Tests_Succeeed" classname="EvenCart.Common.Tests.HtmlUtilityTests" runstate="Runnable" seed="424434325" result="Passed" start-time="2020-03-26 15:36:36Z" end-time="2020-03-26 15:36:36Z" duration="0.149066" asserts="3" />
          </test-suite>
          <test-suite type="TestFixture" id="1107" name="MemoryCacheProviderTests" fullname="EvenCart.Common.Tests.MemoryCacheProviderTests" classname="EvenCart.Common.Tests.MemoryCacheProviderTests" runstate="Runnable" testcasecount="2" result="Passed" start-time="2020-03-26 15:36:36Z" end-time="2020-03-26 15:37:36Z" duration="60.021630" total="2" passed="2" failed="0" warnings="0" inconclusive="0" skipped="0" asserts="11">
            <test-case id="1109" name="Memory_Cache_Expiration_Tests_Succeed" fullname="EvenCart.Common.Tests.MemoryCacheProviderTests.Memory_Cache_Expiration_Tests_Succeed" methodname="Memory_Cache_Expiration_Tests_Succeed" classname="EvenCart.Common.Tests.MemoryCacheProviderTests" runstate="Runnable" seed="292986026" result="Passed" start-time="2020-03-26 15:36:36Z" end-time="2020-03-26 15:37:36Z" duration="60.013335" asserts="3" />
            <test-case id="1108" name="Memory_Cache_Simple_Tests_Succeed" fullname="EvenCart.Common.Tests.MemoryCacheProviderTests.Memory_Cache_Simple_Tests_Succeed" methodname="Memory_Cache_Simple_Tests_Succeed" classname="EvenCart.Common.Tests.MemoryCacheProviderTests" runstate="Runnable" seed="657143605" result="Passed" start-time="2020-03-26 15:37:36Z" end-time="2020-03-26 15:37:36Z" duration="0.006243" asserts="8" />
          </test-suite>
          <test-suite type="TestFixture" id="1110" name="NumericExtensionsTests" fullname="EvenCart.Common.Tests.NumericExtensionsTests" classname="EvenCart.Common.Tests.NumericExtensionsTests" runstate="Runnable" testcasecount="1" result="Passed" start-time="2020-03-26 15:37:36Z" end-time="2020-03-26 15:37:36Z" duration="0.005867" total="1" passed="1" failed="0" warnings="0" inconclusive="0" skipped="0" asserts="8">
            <test-case id="1111" name="Numeric_Tests_Succeed" fullname="EvenCart.Common.Tests.NumericExtensionsTests.Numeric_Tests_Succeed" methodname="Numeric_Tests_Succeed" classname="EvenCart.Common.Tests.NumericExtensionsTests" runstate="Runnable" seed="2053147982" result="Passed" start-time="2020-03-26 15:37:36Z" end-time="2020-03-26 15:37:36Z" duration="0.005111" asserts="8" />
          </test-suite>
          <test-suite type="TestFixture" id="1112" name="StringTests" fullname="EvenCart.Common.Tests.StringTests" classname="EvenCart.Common.Tests.StringTests" runstate="Runnable" testcasecount="1" result="Passed" start-time="2020-03-26 15:37:36Z" end-time="2020-03-26 15:37:36Z" duration="0.007434" total="1" passed="1" failed="0" warnings="0" inconclusive="0" skipped="0" asserts="9">
            <test-case id="1113" name="String_Extensions_Tests_Succeed" fullname="EvenCart.Common.Tests.StringTests.String_Extensions_Tests_Succeed" methodname="String_Extensions_Tests_Succeed" classname="EvenCart.Common.Tests.StringTests" runstate="Runnable" seed="2061010036" result="Passed" start-time="2020-03-26 15:37:36Z" end-time="2020-03-26 15:37:36Z" duration="0.006900" asserts="9" />
          </test-suite>
          <test-suite type="TestFixture" id="1114" name="TypeConverterTests" fullname="EvenCart.Common.Tests.TypeConverterTests" classname="EvenCart.Common.Tests.TypeConverterTests" runstate="Runnable" testcasecount="1" result="Passed" start-time="2020-03-26 15:37:36Z" end-time="2020-03-26 15:37:36Z" duration="0.062827" total="1" passed="1" failed="0" warnings="0" inconclusive="0" skipped="0" asserts="32">
            <test-case id="1115" name="Type_Conversion_Succeeds" fullname="EvenCart.Common.Tests.TypeConverterTests.Type_Conversion_Succeeds" methodname="Type_Conversion_Succeeds" classname="EvenCart.Common.Tests.TypeConverterTests" runstate="Runnable" seed="1773702542" result="Passed" start-time="2020-03-26 15:37:36Z" end-time="2020-03-26 15:37:36Z" duration="0.062179" asserts="32" />
          </test-suite>
          <test-suite type="TestFixture" id="1116" name="WebHelperTests" fullname="EvenCart.Common.Tests.WebHelperTests" classname="EvenCart.Common.Tests.WebHelperTests" runstate="Runnable" testcasecount="1" result="Passed" start-time="2020-03-26 15:37:36Z" end-time="2020-03-26 15:37:36Z" duration="0.002495" total="1" passed="1" failed="0" warnings="0" inconclusive="0" skipped="0" asserts="4">
            <test-case id="1117" name="Get_Url_From_Path_Succeeds" fullname="EvenCart.Common.Tests.WebHelperTests.Get_Url_From_Path_Succeeds" methodname="Get_Url_From_Path_Succeeds" classname="EvenCart.Common.Tests.WebHelperTests" runstate="Runnable" seed="2009211334" result="Passed" start-time="2020-03-26 15:37:36Z" end-time="2020-03-26 15:37:36Z" duration="0.002004" asserts="4" />
          </test-suite>
        </test-suite>
      </test-suite>
    </test-suite>
  </test-suite>
</test-run>