<?xml version="1.0" encoding="utf-8"?>
<test-run id="2" name="EvenCart.Common.Tests.dll" fullname="F:/SourceRepositories/RoastedMarketplace/src/Tests/EvenCart.Tests.Runner/bin/Debug/netcoreapp3.1/EvenCart.Common.Tests.dll" testcasecount="9" result="Passed" start-time="2020-03-17 13:58:03Z" end-time="2020-03-17 13:59:03Z" duration="60.086624" total="9" passed="9" failed="0" inconclusive="0" skipped="0" asserts="78" random-seed="317620354">
  <command-line><![CDATA[F:\SourceRepositories\RoastedMarketplace\src\Tests\EvenCart.Tests.Runner\bin\Debug\netcoreapp3.1\EvenCart.Tests.Runner.dll]]></command-line>
  <filter />
  <test-suite type="Assembly" id="1118" name="EvenCart.Common.Tests.dll" fullname="F:/SourceRepositories/RoastedMarketplace/src/Tests/EvenCart.Tests.Runner/bin/Debug/netcoreapp3.1/EvenCart.Common.Tests.dll" runstate="Runnable" testcasecount="9" result="Passed" start-time="2020-03-17 13:58:03Z" end-time="2020-03-17 13:59:03Z" duration="60.086624" total="9" passed="9" failed="0" warnings="0" inconclusive="0" skipped="0" asserts="78">
    <environment framework-version="3.12.0.0" clr-version="3.1.0" os-version="Microsoft Windows 10.0.18363" platform="Win32NT" cwd="F:\SourceRepositories\RoastedMarketplace\src\Tests\EvenCart.Tests.Runner" machine-name="AKSHPC" user="apexol" user-domain="AKSHPC" culture="en-IN" uiculture="en-US" os-architecture="x64" />
    <settings>
      <setting name="WorkDirectory" value="F:\SourceRepositories\RoastedMarketplace\src\Tests\EvenCart.Tests.Runner" />
      <setting name="NumberOfTestWorkers" value="8" />
    </settings>
    <properties>
      <property name="_PID" value="27440" />
      <property name="_APPDOMAIN" value="EvenCart.Tests.Runner" />
    </properties>
    <test-suite type="TestSuite" id="1119" name="EvenCart" fullname="EvenCart" runstate="Runnable" testcasecount="9" result="Passed" start-time="2020-03-17 13:58:03Z" end-time="2020-03-17 13:59:03Z" duration="60.086429" total="9" passed="9" failed="0" warnings="0" inconclusive="0" skipped="0" asserts="78">
      <test-suite type="TestSuite" id="1120" name="Common" fullname="EvenCart.Common" runstate="Runnable" testcasecount="9" result="Passed" start-time="2020-03-17 13:58:03Z" end-time="2020-03-17 13:59:03Z" duration="60.086409" total="9" passed="9" failed="0" warnings="0" inconclusive="0" skipped="0" asserts="78">
        <test-suite type="TestSuite" id="1121" name="Tests" fullname="EvenCart.Common.Tests" runstate="Runnable" testcasecount="9" result="Passed" start-time="2020-03-17 13:58:03Z" end-time="2020-03-17 13:59:03Z" duration="60.086400" total="9" passed="9" failed="0" warnings="0" inconclusive="0" skipped="0" asserts="78">
          <test-suite type="TestFixture" id="1101" name="CommonHelperTests" fullname="EvenCart.Common.Tests.CommonHelperTests" classname="EvenCart.Common.Tests.CommonHelperTests" runstate="Runnable" testcasecount="1" result="Passed" start-time="2020-03-17 13:58:03Z" end-time="2020-03-17 13:58:03Z" duration="0.002335" total="1" passed="1" failed="0" warnings="0" inconclusive="0" skipped="0" asserts="5">
            <test-case id="1102" name="Generate_Slug_Tests_Succeed" fullname="EvenCart.Common.Tests.CommonHelperTests.Generate_Slug_Tests_Succeed" methodname="Generate_Slug_Tests_Succeed" classname="EvenCart.Common.Tests.CommonHelperTests" runstate="Runnable" seed="252313461" result="Passed" start-time="2020-03-17 13:58:03Z" end-time="2020-03-17 13:58:03Z" duration="0.002132" asserts="5" />
          </test-suite>
          <test-suite type="TestFixture" id="1103" name="DateTimeExtensionTests" fullname="EvenCart.Common.Tests.DateTimeExtensionTests" classname="EvenCart.Common.Tests.DateTimeExtensionTests" runstate="Runnable" testcasecount="1" result="Passed" start-time="2020-03-17 13:58:03Z" end-time="2020-03-17 13:58:03Z" duration="0.001001" total="1" passed="1" failed="0" warnings="0" inconclusive="0" skipped="0" asserts="6">
            <test-case id="1104" name="GetWeekRange_Succeeds" fullname="EvenCart.Common.Tests.DateTimeExtensionTests.GetWeekRange_Succeeds" methodname="GetWeekRange_Succeeds" classname="EvenCart.Common.Tests.DateTimeExtensionTests" runstate="Runnable" seed="1873601829" result="Passed" start-time="2020-03-17 13:58:03Z" end-time="2020-03-17 13:58:03Z" duration="0.000842" asserts="6" />
          </test-suite>
          <test-suite type="TestFixture" id="1105" name="HtmlUtilityTests" fullname="EvenCart.Common.Tests.HtmlUtilityTests" classname="EvenCart.Common.Tests.HtmlUtilityTests" runstate="Runnable" testcasecount="1" result="Passed" start-time="2020-03-17 13:58:03Z" end-time="2020-03-17 13:58:03Z" duration="0.046842" total="1" passed="1" failed="0" warnings="0" inconclusive="0" skipped="0" asserts="3">
            <test-case id="1106" name="HtmlUtility_Tests_Succeeed" fullname="EvenCart.Common.Tests.HtmlUtilityTests.HtmlUtility_Tests_Succeeed" methodname="HtmlUtility_Tests_Succeeed" classname="EvenCart.Common.Tests.HtmlUtilityTests" runstate="Runnable" seed="1331509182" result="Passed" start-time="2020-03-17 13:58:03Z" end-time="2020-03-17 13:58:03Z" duration="0.046725" asserts="3" />
          </test-suite>
          <test-suite type="TestFixture" id="1107" name="MemoryCacheProviderTests" fullname="EvenCart.Common.Tests.MemoryCacheProviderTests" classname="EvenCart.Common.Tests.MemoryCacheProviderTests" runstate="Runnable" testcasecount="2" result="Passed" start-time="2020-03-17 13:58:03Z" end-time="2020-03-17 13:59:03Z" duration="60.007730" total="2" passed="2" failed="0" warnings="0" inconclusive="0" skipped="0" asserts="11">
            <test-case id="1109" name="Memory_Cache_Expiration_Tests_Succeed" fullname="EvenCart.Common.Tests.MemoryCacheProviderTests.Memory_Cache_Expiration_Tests_Succeed" methodname="Memory_Cache_Expiration_Tests_Succeed" classname="EvenCart.Common.Tests.MemoryCacheProviderTests" runstate="Runnable" seed="1099124847" result="Passed" start-time="2020-03-17 13:58:03Z" end-time="2020-03-17 13:59:03Z" duration="60.004959" asserts="3" />
            <test-case id="1108" name="Memory_Cache_Simple_Tests_Succeed" fullname="EvenCart.Common.Tests.MemoryCacheProviderTests.Memory_Cache_Simple_Tests_Succeed" methodname="Memory_Cache_Simple_Tests_Succeed" classname="EvenCart.Common.Tests.MemoryCacheProviderTests" runstate="Runnable" seed="3296830" result="Passed" start-time="2020-03-17 13:59:03Z" end-time="2020-03-17 13:59:03Z" duration="0.002402" asserts="8" />
          </test-suite>
          <test-suite type="TestFixture" id="1110" name="NumericExtensionsTests" fullname="EvenCart.Common.Tests.NumericExtensionsTests" classname="EvenCart.Common.Tests.NumericExtensionsTests" runstate="Runnable" testcasecount="1" result="Passed" start-time="2020-03-17 13:59:03Z" end-time="2020-03-17 13:59:03Z" duration="0.002245" total="1" passed="1" failed="0" warnings="0" inconclusive="0" skipped="0" asserts="8">
            <test-case id="1111" name="Numeric_Tests_Succeed" fullname="EvenCart.Common.Tests.NumericExtensionsTests.Numeric_Tests_Succeed" methodname="Numeric_Tests_Succeed" classname="EvenCart.Common.Tests.NumericExtensionsTests" runstate="Runnable" seed="1692493302" result="Passed" start-time="2020-03-17 13:59:03Z" end-time="2020-03-17 13:59:03Z" duration="0.001978" asserts="8" />
          </test-suite>
          <test-suite type="TestFixture" id="1112" name="StringTests" fullname="EvenCart.Common.Tests.StringTests" classname="EvenCart.Common.Tests.StringTests" runstate="Runnable" testcasecount="1" result="Passed" start-time="2020-03-17 13:59:03Z" end-time="2020-03-17 13:59:03Z" duration="0.002355" total="1" passed="1" failed="0" warnings="0" inconclusive="0" skipped="0" asserts="9">
            <test-case id="1113" name="String_Extensions_Tests_Succeed" fullname="EvenCart.Common.Tests.StringTests.String_Extensions_Tests_Succeed" methodname="String_Extensions_Tests_Succeed" classname="EvenCart.Common.Tests.StringTests" runstate="Runnable" seed="1650999193" result="Passed" start-time="2020-03-17 13:59:03Z" end-time="2020-03-17 13:59:03Z" duration="0.002182" asserts="9" />
          </test-suite>
          <test-suite type="TestFixture" id="1114" name="TypeConverterTests" fullname="EvenCart.Common.Tests.TypeConverterTests" classname="EvenCart.Common.Tests.TypeConverterTests" runstate="Runnable" testcasecount="1" result="Passed" start-time="2020-03-17 13:59:03Z" end-time="2020-03-17 13:59:03Z" duration="0.022604" total="1" passed="1" failed="0" warnings="0" inconclusive="0" skipped="0" asserts="32">
            <test-case id="1115" name="Type_Conversion_Succeeds" fullname="EvenCart.Common.Tests.TypeConverterTests.Type_Conversion_Succeeds" methodname="Type_Conversion_Succeeds" classname="EvenCart.Common.Tests.TypeConverterTests" runstate="Runnable" seed="1361156587" result="Passed" start-time="2020-03-17 13:59:03Z" end-time="2020-03-17 13:59:03Z" duration="0.022409" asserts="32" />
          </test-suite>
          <test-suite type="TestFixture" id="1116" name="WebHelperTests" fullname="EvenCart.Common.Tests.WebHelperTests" classname="EvenCart.Common.Tests.WebHelperTests" runstate="Runnable" testcasecount="1" result="Passed" start-time="2020-03-17 13:59:03Z" end-time="2020-03-17 13:59:03Z" duration="0.000971" total="1" passed="1" failed="0" warnings="0" inconclusive="0" skipped="0" asserts="4">
            <test-case id="1117" name="Get_Url_From_Path_Succeeds" fullname="EvenCart.Common.Tests.WebHelperTests.Get_Url_From_Path_Succeeds" methodname="Get_Url_From_Path_Succeeds" classname="EvenCart.Common.Tests.WebHelperTests" runstate="Runnable" seed="708487912" result="Passed" start-time="2020-03-17 13:59:03Z" end-time="2020-03-17 13:59:03Z" duration="0.000751" asserts="4" />
          </test-suite>
        </test-suite>
      </test-suite>
    </test-suite>
  </test-suite>
</test-run>