<?xml version="1.0" encoding="utf-8"?>
<test-run id="2" name="EvenCart.Common.Tests.dll" fullname="F:/SourceRepositories/RoastedMarketplace/src/Tests/EvenCart.Tests.Runner/bin/Debug/netcoreapp3.1/EvenCart.Common.Tests.dll" testcasecount="9" result="Passed" start-time="2020-02-29 13:04:31Z" end-time="2020-02-29 13:05:31Z" duration="60.116220" total="9" passed="9" failed="0" inconclusive="0" skipped="0" asserts="78" random-seed="93811851">
  <command-line><![CDATA[F:\SourceRepositories\RoastedMarketplace\src\Tests\EvenCart.Tests.Runner\bin\Debug\netcoreapp3.1\EvenCart.Tests.Runner.dll]]></command-line>
  <filter />
  <test-suite type="Assembly" id="1114" name="EvenCart.Common.Tests.dll" fullname="F:/SourceRepositories/RoastedMarketplace/src/Tests/EvenCart.Tests.Runner/bin/Debug/netcoreapp3.1/EvenCart.Common.Tests.dll" runstate="Runnable" testcasecount="9" result="Passed" start-time="2020-02-29 13:04:31Z" end-time="2020-02-29 13:05:31Z" duration="60.116220" total="9" passed="9" failed="0" warnings="0" inconclusive="0" skipped="0" asserts="78">
    <environment framework-version="3.12.0.0" clr-version="3.1.0" os-version="Microsoft Windows 10.0.18363" platform="Win32NT" cwd="F:\SourceRepositories\RoastedMarketplace\src\Tests\EvenCart.Tests.Runner" machine-name="AKSHPC" user="apexol" user-domain="AKSHPC" culture="en-IN" uiculture="en-US" os-architecture="x64" />
    <settings>
      <setting name="WorkDirectory" value="F:\SourceRepositories\RoastedMarketplace\src\Tests\EvenCart.Tests.Runner" />
      <setting name="NumberOfTestWorkers" value="8" />
    </settings>
    <properties>
      <property name="_PID" value="29064" />
      <property name="_APPDOMAIN" value="EvenCart.Tests.Runner" />
    </properties>
    <test-suite type="TestSuite" id="1115" name="EvenCart" fullname="EvenCart" runstate="Runnable" testcasecount="9" result="Passed" start-time="2020-02-29 13:04:31Z" end-time="2020-02-29 13:05:31Z" duration="60.115953" total="9" passed="9" failed="0" warnings="0" inconclusive="0" skipped="0" asserts="78">
      <test-suite type="TestSuite" id="1116" name="Common" fullname="EvenCart.Common" runstate="Runnable" testcasecount="9" result="Passed" start-time="2020-02-29 13:04:31Z" end-time="2020-02-29 13:05:31Z" duration="60.115852" total="9" passed="9" failed="0" warnings="0" inconclusive="0" skipped="0" asserts="78">
        <test-suite type="TestSuite" id="1117" name="Tests" fullname="EvenCart.Common.Tests" runstate="Runnable" testcasecount="9" result="Passed" start-time="2020-02-29 13:04:31Z" end-time="2020-02-29 13:05:31Z" duration="60.115833" total="9" passed="9" failed="0" warnings="0" inconclusive="0" skipped="0" asserts="78">
          <test-suite type="TestFixture" id="1097" name="CommonHelperTests" fullname="EvenCart.Common.Tests.CommonHelperTests" classname="EvenCart.Common.Tests.CommonHelperTests" runstate="Runnable" testcasecount="1" result="Passed" start-time="2020-02-29 13:04:31Z" end-time="2020-02-29 13:04:31Z" duration="0.002835" total="1" passed="1" failed="0" warnings="0" inconclusive="0" skipped="0" asserts="5">
            <test-case id="1098" name="Generate_Slug_Tests_Succeed" fullname="EvenCart.Common.Tests.CommonHelperTests.Generate_Slug_Tests_Succeed" methodname="Generate_Slug_Tests_Succeed" classname="EvenCart.Common.Tests.CommonHelperTests" runstate="Runnable" seed="1052765193" result="Passed" start-time="2020-02-29 13:04:31Z" end-time="2020-02-29 13:04:31Z" duration="0.002078" asserts="5" />
          </test-suite>
          <test-suite type="TestFixture" id="1099" name="DateTimeExtensionTests" fullname="EvenCart.Common.Tests.DateTimeExtensionTests" classname="EvenCart.Common.Tests.DateTimeExtensionTests" runstate="Runnable" testcasecount="1" result="Passed" start-time="2020-02-29 13:04:31Z" end-time="2020-02-29 13:04:31Z" duration="0.003936" total="1" passed="1" failed="0" warnings="0" inconclusive="0" skipped="0" asserts="6">
            <test-case id="1100" name="GetWeekRange_Succeeds" fullname="EvenCart.Common.Tests.DateTimeExtensionTests.GetWeekRange_Succeeds" methodname="GetWeekRange_Succeeds" classname="EvenCart.Common.Tests.DateTimeExtensionTests" runstate="Runnable" seed="200723682" result="Passed" start-time="2020-02-29 13:04:31Z" end-time="2020-02-29 13:04:31Z" duration="0.003387" asserts="6" />
          </test-suite>
          <test-suite type="TestFixture" id="1101" name="HtmlUtilityTests" fullname="EvenCart.Common.Tests.HtmlUtilityTests" classname="EvenCart.Common.Tests.HtmlUtilityTests" runstate="Runnable" testcasecount="1" result="Passed" start-time="2020-02-29 13:04:31Z" end-time="2020-02-29 13:04:31Z" duration="0.075712" total="1" passed="1" failed="0" warnings="0" inconclusive="0" skipped="0" asserts="3">
            <test-case id="1102" name="HtmlUtility_Tests_Succeeed" fullname="EvenCart.Common.Tests.HtmlUtilityTests.HtmlUtility_Tests_Succeeed" methodname="HtmlUtility_Tests_Succeeed" classname="EvenCart.Common.Tests.HtmlUtilityTests" runstate="Runnable" seed="1036471271" result="Passed" start-time="2020-02-29 13:04:31Z" end-time="2020-02-29 13:04:31Z" duration="0.075342" asserts="3" />
          </test-suite>
          <test-suite type="TestFixture" id="1103" name="MemoryCacheProviderTests" fullname="EvenCart.Common.Tests.MemoryCacheProviderTests" classname="EvenCart.Common.Tests.MemoryCacheProviderTests" runstate="Runnable" testcasecount="2" result="Passed" start-time="2020-02-29 13:04:31Z" end-time="2020-02-29 13:05:31Z" duration="60.009588" total="2" passed="2" failed="0" warnings="0" inconclusive="0" skipped="0" asserts="11">
            <test-case id="1105" name="Memory_Cache_Expiration_Tests_Succeed" fullname="EvenCart.Common.Tests.MemoryCacheProviderTests.Memory_Cache_Expiration_Tests_Succeed" methodname="Memory_Cache_Expiration_Tests_Succeed" classname="EvenCart.Common.Tests.MemoryCacheProviderTests" runstate="Runnable" seed="1030533347" result="Passed" start-time="2020-02-29 13:04:31Z" end-time="2020-02-29 13:05:31Z" duration="60.006083" asserts="3" />
            <test-case id="1104" name="Memory_Cache_Simple_Tests_Succeed" fullname="EvenCart.Common.Tests.MemoryCacheProviderTests.Memory_Cache_Simple_Tests_Succeed" methodname="Memory_Cache_Simple_Tests_Succeed" classname="EvenCart.Common.Tests.MemoryCacheProviderTests" runstate="Runnable" seed="522653228" result="Passed" start-time="2020-02-29 13:05:31Z" end-time="2020-02-29 13:05:31Z" duration="0.002901" asserts="8" />
          </test-suite>
          <test-suite type="TestFixture" id="1106" name="NumericExtensionsTests" fullname="EvenCart.Common.Tests.NumericExtensionsTests" classname="EvenCart.Common.Tests.NumericExtensionsTests" runstate="Runnable" testcasecount="1" result="Passed" start-time="2020-02-29 13:05:31Z" end-time="2020-02-29 13:05:31Z" duration="0.002127" total="1" passed="1" failed="0" warnings="0" inconclusive="0" skipped="0" asserts="8">
            <test-case id="1107" name="Numeric_Tests_Succeed" fullname="EvenCart.Common.Tests.NumericExtensionsTests.Numeric_Tests_Succeed" methodname="Numeric_Tests_Succeed" classname="EvenCart.Common.Tests.NumericExtensionsTests" runstate="Runnable" seed="2044845355" result="Passed" start-time="2020-02-29 13:05:31Z" end-time="2020-02-29 13:05:31Z" duration="0.001913" asserts="8" />
          </test-suite>
          <test-suite type="TestFixture" id="1108" name="StringTests" fullname="EvenCart.Common.Tests.StringTests" classname="EvenCart.Common.Tests.StringTests" runstate="Runnable" testcasecount="1" result="Passed" start-time="2020-02-29 13:05:31Z" end-time="2020-02-29 13:05:31Z" duration="0.002767" total="1" passed="1" failed="0" warnings="0" inconclusive="0" skipped="0" asserts="9">
            <test-case id="1109" name="String_Extensions_Tests_Succeed" fullname="EvenCart.Common.Tests.StringTests.String_Extensions_Tests_Succeed" methodname="String_Extensions_Tests_Succeed" classname="EvenCart.Common.Tests.StringTests" runstate="Runnable" seed="1796888832" result="Passed" start-time="2020-02-29 13:05:31Z" end-time="2020-02-29 13:05:31Z" duration="0.002586" asserts="9" />
          </test-suite>
          <test-suite type="TestFixture" id="1110" name="TypeConverterTests" fullname="EvenCart.Common.Tests.TypeConverterTests" classname="EvenCart.Common.Tests.TypeConverterTests" runstate="Runnable" testcasecount="1" result="Passed" start-time="2020-02-29 13:05:31Z" end-time="2020-02-29 13:05:31Z" duration="0.017298" total="1" passed="1" failed="0" warnings="0" inconclusive="0" skipped="0" asserts="32">
            <test-case id="1111" name="Type_Conversion_Succeeds" fullname="EvenCart.Common.Tests.TypeConverterTests.Type_Conversion_Succeeds" methodname="Type_Conversion_Succeeds" classname="EvenCart.Common.Tests.TypeConverterTests" runstate="Runnable" seed="413544801" result="Passed" start-time="2020-02-29 13:05:31Z" end-time="2020-02-29 13:05:31Z" duration="0.017017" asserts="32" />
          </test-suite>
          <test-suite type="TestFixture" id="1112" name="WebHelperTests" fullname="EvenCart.Common.Tests.WebHelperTests" classname="EvenCart.Common.Tests.WebHelperTests" runstate="Runnable" testcasecount="1" result="Passed" start-time="2020-02-29 13:05:31Z" end-time="2020-02-29 13:05:31Z" duration="0.001088" total="1" passed="1" failed="0" warnings="0" inconclusive="0" skipped="0" asserts="4">
            <test-case id="1113" name="Get_Url_From_Path_Succeeds" fullname="EvenCart.Common.Tests.WebHelperTests.Get_Url_From_Path_Succeeds" methodname="Get_Url_From_Path_Succeeds" classname="EvenCart.Common.Tests.WebHelperTests" runstate="Runnable" seed="1476954749" result="Passed" start-time="2020-02-29 13:05:31Z" end-time="2020-02-29 13:05:31Z" duration="0.000835" asserts="4" />
          </test-suite>
        </test-suite>
      </test-suite>
    </test-suite>
  </test-suite>
</test-run>