<?xml version="1.0" encoding="utf-8"?>
<test-run id="2" name="EvenCart.Services.Tests.dll" fullname="F:/SourceRepositories/RoastedMarketplace/src/tests/EvenCart.Tests.Runner/bin/Debug/netcoreapp3.1/EvenCart.Services.Tests.dll" testcasecount="57" result="Passed" start-time="2019-12-19 13:46:01Z" end-time="2019-12-19 13:47:04Z" duration="62.652660" total="57" passed="57" failed="0" inconclusive="0" skipped="0" asserts="296" random-seed="2002803259">
  <command-line><![CDATA[F:\SourceRepositories\RoastedMarketplace\src\tests\EvenCart.Tests.Runner\bin\Debug\netcoreapp3.1\EvenCart.Tests.Runner.dll]]></command-line>
  <filter />
  <test-suite type="Assembly" id="1080" name="EvenCart.Services.Tests.dll" fullname="F:/SourceRepositories/RoastedMarketplace/src/tests/EvenCart.Tests.Runner/bin/Debug/netcoreapp3.1/EvenCart.Services.Tests.dll" runstate="Runnable" testcasecount="57" result="Passed" start-time="2019-12-19 13:46:01Z" end-time="2019-12-19 13:47:04Z" duration="62.652660" total="57" passed="57" failed="0" warnings="0" inconclusive="0" skipped="0" asserts="296">
    <environment framework-version="3.12.0.0" clr-version="3.1.0" os-version="Microsoft Windows 10.0.18363" platform="Win32NT" cwd="F:\SourceRepositories\RoastedMarketplace\src\tests\EvenCart.Tests.Runner" machine-name="AKSHPC" user="apexol" user-domain="AKSHPC" culture="en-IN" uiculture="en-US" os-architecture="x64" />
    <settings>
      <setting name="WorkDirectory" value="F:\SourceRepositories\RoastedMarketplace\src\tests\EvenCart.Tests.Runner" />
      <setting name="NumberOfTestWorkers" value="8" />
    </settings>
    <properties>
      <property name="_PID" value="18032" />
      <property name="_APPDOMAIN" value="EvenCart.Tests.Runner" />
    </properties>
    <test-suite type="TestSuite" id="1081" name="EvenCart" fullname="EvenCart" runstate="Runnable" testcasecount="57" result="Passed" start-time="2019-12-19 13:46:01Z" end-time="2019-12-19 13:47:04Z" duration="62.646026" total="57" passed="57" failed="0" warnings="0" inconclusive="0" skipped="0" asserts="296">
      <test-suite type="TestSuite" id="1082" name="Services" fullname="EvenCart.Services" runstate="Runnable" testcasecount="57" result="Passed" start-time="2019-12-19 13:46:01Z" end-time="2019-12-19 13:47:04Z" duration="62.645761" total="57" passed="57" failed="0" warnings="0" inconclusive="0" skipped="0" asserts="296">
        <test-suite type="TestSuite" id="1083" name="Tests" fullname="EvenCart.Services.Tests" runstate="Runnable" testcasecount="57" result="Passed" start-time="2019-12-19 13:46:01Z" end-time="2019-12-19 13:47:04Z" duration="62.645742" total="57" passed="57" failed="0" warnings="0" inconclusive="0" skipped="0" asserts="296">
          <test-suite type="TestSuite" id="1089" name="Formatters" fullname="EvenCart.Services.Tests.Formatters" runstate="Runnable" testcasecount="1" result="Passed" start-time="2019-12-19 13:46:01Z" end-time="2019-12-19 13:46:01Z" duration="0.023111" total="1" passed="1" failed="0" warnings="0" inconclusive="0" skipped="0" asserts="38">
            <test-suite type="TestFixture" id="1078" name="RoundingServiceTests" fullname="EvenCart.Services.Tests.Formatters.RoundingServiceTests" classname="EvenCart.Services.Tests.Formatters.RoundingServiceTests" runstate="Runnable" testcasecount="1" result="Passed" start-time="2019-12-19 13:46:01Z" end-time="2019-12-19 13:46:01Z" duration="0.021131" total="1" passed="1" failed="0" warnings="0" inconclusive="0" skipped="0" asserts="38">
              <test-case id="1079" name="Rounding_Tests_Succeeded" fullname="EvenCart.Services.Tests.Formatters.RoundingServiceTests.Rounding_Tests_Succeeded" methodname="Rounding_Tests_Succeeded" classname="EvenCart.Services.Tests.Formatters.RoundingServiceTests" runstate="Runnable" seed="850512181" result="Passed" start-time="2019-12-19 13:46:01Z" end-time="2019-12-19 13:46:01Z" duration="0.014642" asserts="38" />
            </test-suite>
          </test-suite>
          <test-suite type="TestSuite" id="1088" name="Gdpr" fullname="EvenCart.Services.Tests.Gdpr" runstate="Runnable" testcasecount="2" result="Passed" start-time="2019-12-19 13:46:01Z" end-time="2019-12-19 13:46:08Z" duration="6.602058" total="2" passed="2" failed="0" warnings="0" inconclusive="0" skipped="0" asserts="14">
            <test-suite type="TestFixture" id="1076" name="MySqlGdprServiceTests" fullname="EvenCart.Services.Tests.Gdpr.MySqlGdprServiceTests" classname="EvenCart.Services.Tests.Gdpr.MySqlGdprServiceTests" runstate="Runnable" testcasecount="1" result="Passed" start-time="2019-12-19 13:46:01Z" end-time="2019-12-19 13:46:07Z" duration="5.346707" total="1" passed="1" failed="0" warnings="0" inconclusive="0" skipped="0" asserts="7">
              <test-case id="1077" name="User_Consents_Tests_Succeeds" fullname="EvenCart.Services.Tests.Gdpr.MySqlGdprServiceTests.User_Consents_Tests_Succeeds" methodname="User_Consents_Tests_Succeeds" classname="EvenCart.Services.Tests.Gdpr.GdprServiceTests" runstate="Runnable" seed="603108017" result="Passed" start-time="2019-12-19 13:46:06Z" end-time="2019-12-19 13:46:06Z" duration="0.078988" asserts="7" />
            </test-suite>
            <test-suite type="TestFixture" id="1074" name="SqlServerGdprServiceTests" fullname="EvenCart.Services.Tests.Gdpr.SqlServerGdprServiceTests" classname="EvenCart.Services.Tests.Gdpr.SqlServerGdprServiceTests" runstate="Runnable" testcasecount="1" result="Passed" start-time="2019-12-19 13:46:07Z" end-time="2019-12-19 13:46:08Z" duration="1.230129" total="1" passed="1" failed="0" warnings="0" inconclusive="0" skipped="0" asserts="7">
              <test-case id="1075" name="User_Consents_Tests_Succeeds" fullname="EvenCart.Services.Tests.Gdpr.SqlServerGdprServiceTests.User_Consents_Tests_Succeeds" methodname="User_Consents_Tests_Succeeds" classname="EvenCart.Services.Tests.Gdpr.GdprServiceTests" runstate="Runnable" seed="1615933249" result="Passed" start-time="2019-12-19 13:46:08Z" end-time="2019-12-19 13:46:08Z" duration="0.076591" asserts="7" />
            </test-suite>
          </test-suite>
          <test-suite type="TestSuite" id="1087" name="Products" fullname="EvenCart.Services.Tests.Products" runstate="Runnable" testcasecount="8" result="Passed" start-time="2019-12-19 13:46:01Z" end-time="2019-12-19 13:46:29Z" duration="27.902726" total="8" passed="8" failed="0" warnings="0" inconclusive="0" skipped="0" asserts="58">
            <test-suite type="TestFixture" id="1060" name="MySqlCategoryServiceTests" fullname="EvenCart.Services.Tests.Products.MySqlCategoryServiceTests" classname="EvenCart.Services.Tests.Products.MySqlCategoryServiceTests" runstate="Runnable" testcasecount="1" result="Passed" start-time="2019-12-19 13:46:08Z" end-time="2019-12-19 13:46:12Z" duration="4.189147" total="1" passed="1" failed="0" warnings="0" inconclusive="0" skipped="0" asserts="4">
              <test-case id="1061" name="Category_Tests_Succeed" fullname="EvenCart.Services.Tests.Products.MySqlCategoryServiceTests.Category_Tests_Succeed" methodname="Category_Tests_Succeed" classname="EvenCart.Services.Tests.Products.CategoryServiceTests" runstate="Runnable" seed="507440799" result="Passed" start-time="2019-12-19 13:46:12Z" end-time="2019-12-19 13:46:12Z" duration="0.052021" asserts="4" />
            </test-suite>
            <test-suite type="TestFixture" id="1064" name="MySqlPersistanceTests" fullname="EvenCart.Services.Tests.Products.MySqlPersistanceTests" classname="EvenCart.Services.Tests.Products.MySqlPersistanceTests" runstate="Runnable" testcasecount="1" result="Passed" start-time="2019-12-19 13:46:12Z" end-time="2019-12-19 13:46:17Z" duration="4.584779" total="1" passed="1" failed="0" warnings="0" inconclusive="0" skipped="0" asserts="2">
              <test-case id="1065" name="products_are_saved_in_database" fullname="EvenCart.Services.Tests.Products.MySqlPersistanceTests.products_are_saved_in_database" methodname="products_are_saved_in_database" classname="EvenCart.Services.Tests.Products.ProductPersistanceTests" runstate="Runnable" seed="2075395950" result="Passed" start-time="2019-12-19 13:46:16Z" end-time="2019-12-19 13:46:16Z" duration="0.026124" asserts="2" />
            </test-suite>
            <test-suite type="TestFixture" id="1068" name="MySqlProductServiceTests" fullname="EvenCart.Services.Tests.Products.MySqlProductServiceTests" classname="EvenCart.Services.Tests.Products.MySqlProductServiceTests" runstate="Runnable" testcasecount="1" result="Passed" start-time="2019-12-19 13:46:17Z" end-time="2019-12-19 13:46:21Z" duration="4.649843" total="1" passed="1" failed="0" warnings="0" inconclusive="0" skipped="0" asserts="16">
              <test-case id="1069" name="Get_Product_By_Id_Succeeds" fullname="EvenCart.Services.Tests.Products.MySqlProductServiceTests.Get_Product_By_Id_Succeeds" methodname="Get_Product_By_Id_Succeeds" classname="EvenCart.Services.Tests.Products.ProductServiceTests" runstate="Runnable" seed="973027577" result="Passed" start-time="2019-12-19 13:46:20Z" end-time="2019-12-19 13:46:21Z" duration="0.321574" asserts="16" />
            </test-suite>
            <test-suite type="TestFixture" id="1072" name="MySqlTaxServiceTests" fullname="EvenCart.Services.Tests.Products.MySqlTaxServiceTests" classname="EvenCart.Services.Tests.Products.MySqlTaxServiceTests" runstate="Runnable" testcasecount="1" result="Passed" start-time="2019-12-19 13:46:21Z" end-time="2019-12-19 13:46:26Z" duration="4.473665" total="1" passed="1" failed="0" warnings="0" inconclusive="0" skipped="0" asserts="7">
              <test-case id="1073" name="Tax_Rate_Retrieval_Succeeds" fullname="EvenCart.Services.Tests.Products.MySqlTaxServiceTests.Tax_Rate_Retrieval_Succeeds" methodname="Tax_Rate_Retrieval_Succeeds" classname="EvenCart.Services.Tests.Products.TaxServiceTests" runstate="Runnable" seed="150312696" result="Passed" start-time="2019-12-19 13:46:25Z" end-time="2019-12-19 13:46:25Z" duration="0.014198" asserts="7" />
            </test-suite>
            <test-suite type="TestFixture" id="1058" name="SqlServerCategoryServiceTests" fullname="EvenCart.Services.Tests.Products.SqlServerCategoryServiceTests" classname="EvenCart.Services.Tests.Products.SqlServerCategoryServiceTests" runstate="Runnable" testcasecount="1" result="Passed" start-time="2019-12-19 13:46:26Z" end-time="2019-12-19 13:46:27Z" duration="0.714742" total="1" passed="1" failed="0" warnings="0" inconclusive="0" skipped="0" asserts="4">
              <test-case id="1059" name="Category_Tests_Succeed" fullname="EvenCart.Services.Tests.Products.SqlServerCategoryServiceTests.Category_Tests_Succeed" methodname="Category_Tests_Succeed" classname="EvenCart.Services.Tests.Products.CategoryServiceTests" runstate="Runnable" seed="812726367" result="Passed" start-time="2019-12-19 13:46:27Z" end-time="2019-12-19 13:46:27Z" duration="0.011027" asserts="4" />
            </test-suite>
            <test-suite type="TestFixture" id="1062" name="SqlServerPersistanceTests" fullname="EvenCart.Services.Tests.Products.SqlServerPersistanceTests" classname="EvenCart.Services.Tests.Products.SqlServerPersistanceTests" runstate="Runnable" testcasecount="1" result="Passed" start-time="2019-12-19 13:46:27Z" end-time="2019-12-19 13:46:28Z" duration="0.975091" total="1" passed="1" failed="0" warnings="0" inconclusive="0" skipped="0" asserts="2">
              <test-case id="1063" name="products_are_saved_in_database" fullname="EvenCart.Services.Tests.Products.SqlServerPersistanceTests.products_are_saved_in_database" methodname="products_are_saved_in_database" classname="EvenCart.Services.Tests.Products.ProductPersistanceTests" runstate="Runnable" seed="1920891583" result="Passed" start-time="2019-12-19 13:46:28Z" end-time="2019-12-19 13:46:28Z" duration="0.017239" asserts="2" />
            </test-suite>
            <test-suite type="TestFixture" id="1066" name="SqlServerProductServiceTests" fullname="EvenCart.Services.Tests.Products.SqlServerProductServiceTests" classname="EvenCart.Services.Tests.Products.SqlServerProductServiceTests" runstate="Runnable" testcasecount="1" result="Passed" start-time="2019-12-19 13:46:28Z" end-time="2019-12-19 13:46:29Z" duration="0.850861" total="1" passed="1" failed="0" warnings="0" inconclusive="0" skipped="0" asserts="16">
              <test-case id="1067" name="Get_Product_By_Id_Succeeds" fullname="EvenCart.Services.Tests.Products.SqlServerProductServiceTests.Get_Product_By_Id_Succeeds" methodname="Get_Product_By_Id_Succeeds" classname="EvenCart.Services.Tests.Products.ProductServiceTests" runstate="Runnable" seed="1914463748" result="Passed" start-time="2019-12-19 13:46:28Z" end-time="2019-12-19 13:46:28Z" duration="0.137418" asserts="16" />
            </test-suite>
            <test-suite type="TestFixture" id="1070" name="SqlServerTaxServiceTests" fullname="EvenCart.Services.Tests.Products.SqlServerTaxServiceTests" classname="EvenCart.Services.Tests.Products.SqlServerTaxServiceTests" runstate="Runnable" testcasecount="1" result="Passed" start-time="2019-12-19 13:46:29Z" end-time="2019-12-19 13:46:29Z" duration="0.861120" total="1" passed="1" failed="0" warnings="0" inconclusive="0" skipped="0" asserts="7">
              <test-case id="1071" name="Tax_Rate_Retrieval_Succeeds" fullname="EvenCart.Services.Tests.Products.SqlServerTaxServiceTests.Tax_Rate_Retrieval_Succeeds" methodname="Tax_Rate_Retrieval_Succeeds" classname="EvenCart.Services.Tests.Products.TaxServiceTests" runstate="Runnable" seed="1996426655" result="Passed" start-time="2019-12-19 13:46:29Z" end-time="2019-12-19 13:46:29Z" duration="0.010720" asserts="7" />
            </test-suite>
          </test-suite>
          <test-suite type="TestSuite" id="1086" name="Promotions" fullname="EvenCart.Services.Tests.Promotions" runstate="Runnable" testcasecount="2" result="Passed" start-time="2019-12-19 13:46:01Z" end-time="2019-12-19 13:46:35Z" duration="33.265312" total="2" passed="2" failed="0" warnings="0" inconclusive="0" skipped="0" asserts="10">
            <test-suite type="TestFixture" id="1056" name="MySqlDiscountServiceTests" fullname="EvenCart.Services.Tests.Promotions.MySqlDiscountServiceTests" classname="EvenCart.Services.Tests.Promotions.MySqlDiscountServiceTests" runstate="Runnable" testcasecount="1" result="Passed" start-time="2019-12-19 13:46:29Z" end-time="2019-12-19 13:46:34Z" duration="4.422805" total="1" passed="1" failed="0" warnings="0" inconclusive="0" skipped="0" asserts="5">
              <test-case id="1057" name="Discount_Coupon_Persistance_Succeeds" fullname="EvenCart.Services.Tests.Promotions.MySqlDiscountServiceTests.Discount_Coupon_Persistance_Succeeds" methodname="Discount_Coupon_Persistance_Succeeds" classname="EvenCart.Services.Tests.Promotions.DiscountServiceTests" runstate="Runnable" seed="1951595590" result="Passed" start-time="2019-12-19 13:46:33Z" end-time="2019-12-19 13:46:33Z" duration="0.022793" asserts="5" />
            </test-suite>
            <test-suite type="TestFixture" id="1054" name="SqlServerDiscountServiceTests" fullname="EvenCart.Services.Tests.Promotions.SqlServerDiscountServiceTests" classname="EvenCart.Services.Tests.Promotions.SqlServerDiscountServiceTests" runstate="Runnable" testcasecount="1" result="Passed" start-time="2019-12-19 13:46:34Z" end-time="2019-12-19 13:46:35Z" duration="0.939467" total="1" passed="1" failed="0" warnings="0" inconclusive="0" skipped="0" asserts="5">
              <test-case id="1055" name="Discount_Coupon_Persistance_Succeeds" fullname="EvenCart.Services.Tests.Promotions.SqlServerDiscountServiceTests.Discount_Coupon_Persistance_Succeeds" methodname="Discount_Coupon_Persistance_Succeeds" classname="EvenCart.Services.Tests.Promotions.DiscountServiceTests" runstate="Runnable" seed="1131285442" result="Passed" start-time="2019-12-19 13:46:35Z" end-time="2019-12-19 13:46:35Z" duration="0.026124" asserts="5" />
            </test-suite>
          </test-suite>
          <test-suite type="TestSuite" id="1085" name="Purchases" fullname="EvenCart.Services.Tests.Purchases" runstate="Runnable" testcasecount="38" result="Passed" start-time="2019-12-19 13:46:01Z" end-time="2019-12-19 13:46:54Z" duration="52.414606" total="38" passed="38" failed="0" warnings="0" inconclusive="0" skipped="0" asserts="162">
            <test-suite type="TestFixture" id="1013" name="MySqlCartServiceTests" fullname="EvenCart.Services.Tests.Purchases.MySqlCartServiceTests" classname="EvenCart.Services.Tests.Purchases.MySqlCartServiceTests" runstate="Runnable" testcasecount="2" result="Passed" start-time="2019-12-19 13:46:35Z" end-time="2019-12-19 13:46:39Z" duration="4.541909" total="2" passed="2" failed="0" warnings="0" inconclusive="0" skipped="0" asserts="5">
              <test-case id="1015" name="Cart_Item_Addition_And_Removal_Succeeds" fullname="EvenCart.Services.Tests.Purchases.MySqlCartServiceTests.Cart_Item_Addition_And_Removal_Succeeds" methodname="Cart_Item_Addition_And_Removal_Succeeds" classname="EvenCart.Services.Tests.Purchases.CartServiceTests" runstate="Runnable" seed="595149570" result="Passed" start-time="2019-12-19 13:46:38Z" end-time="2019-12-19 13:46:39Z" duration="0.075435" asserts="3" />
              <test-case id="1014" name="New_Cart_Creation_Succeeds" fullname="EvenCart.Services.Tests.Purchases.MySqlCartServiceTests.New_Cart_Creation_Succeeds" methodname="New_Cart_Creation_Succeeds" classname="EvenCart.Services.Tests.Purchases.CartServiceTests" runstate="Runnable" seed="1395854909" result="Passed" start-time="2019-12-19 13:46:39Z" end-time="2019-12-19 13:46:39Z" duration="0.013085" asserts="2" />
            </test-suite>
            <test-suite type="TestFixture" id="1018" name="MySqlOrderAccountantTests" fullname="EvenCart.Services.Tests.Purchases.MySqlOrderAccountantTests" classname="EvenCart.Services.Tests.Purchases.MySqlOrderAccountantTests" runstate="Runnable" testcasecount="1" result="Passed" start-time="2019-12-19 13:46:39Z" end-time="2019-12-19 13:46:44Z" duration="4.581256" total="1" passed="1" failed="0" warnings="0" inconclusive="0" skipped="0" asserts="16">
              <test-case id="1019" name="Auto_Order_Fulfillments_Tests_Succeeds" fullname="EvenCart.Services.Tests.Purchases.MySqlOrderAccountantTests.Auto_Order_Fulfillments_Tests_Succeeds" methodname="Auto_Order_Fulfillments_Tests_Succeeds" classname="EvenCart.Services.Tests.Purchases.OrderAccountantTests" runstate="Runnable" seed="2137750749" result="Passed" start-time="2019-12-19 13:46:43Z" end-time="2019-12-19 13:46:43Z" duration="0.018909" asserts="16" />
            </test-suite>
            <test-suite type="TestFixture" id="1037" name="MySqlPriceAccountantTests" fullname="EvenCart.Services.Tests.Purchases.MySqlPriceAccountantTests" classname="EvenCart.Services.Tests.Purchases.MySqlPriceAccountantTests" runstate="Runnable" testcasecount="16" result="Passed" start-time="2019-12-19 13:46:44Z" end-time="2019-12-19 13:46:50Z" duration="5.710049" total="16" passed="16" failed="0" warnings="0" inconclusive="0" skipped="0" asserts="60">
              <test-case id="1042" name="Auto_Discount_Category_Succeeds" fullname="EvenCart.Services.Tests.Purchases.MySqlPriceAccountantTests.Auto_Discount_Category_Succeeds" methodname="Auto_Discount_Category_Succeeds" classname="EvenCart.Services.Tests.Purchases.PriceAccountantTests" runstate="Runnable" seed="408731910" result="Passed" start-time="2019-12-19 13:46:48Z" end-time="2019-12-19 13:46:48Z" duration="0.104811" asserts="5" />
              <test-case id="1045" name="Auto_Discount_Manufacturer_Succeeds" fullname="EvenCart.Services.Tests.Purchases.MySqlPriceAccountantTests.Auto_Discount_Manufacturer_Succeeds" methodname="Auto_Discount_Manufacturer_Succeeds" classname="EvenCart.Services.Tests.Purchases.PriceAccountantTests" runstate="Runnable" seed="1971052269" result="Passed" start-time="2019-12-19 13:46:48Z" end-time="2019-12-19 13:46:48Z" duration="0.042607" asserts="3" />
              <test-case id="1040" name="Auto_Discount_OrderTotal_Succeeds" fullname="EvenCart.Services.Tests.Purchases.MySqlPriceAccountantTests.Auto_Discount_OrderTotal_Succeeds" methodname="Auto_Discount_OrderTotal_Succeeds" classname="EvenCart.Services.Tests.Purchases.PriceAccountantTests" runstate="Runnable" seed="1904296585" result="Passed" start-time="2019-12-19 13:46:48Z" end-time="2019-12-19 13:46:48Z" duration="0.029375" asserts="1" />
              <test-case id="1041" name="Auto_Discount_Product_Succeeds" fullname="EvenCart.Services.Tests.Purchases.MySqlPriceAccountantTests.Auto_Discount_Product_Succeeds" methodname="Auto_Discount_Product_Succeeds" classname="EvenCart.Services.Tests.Purchases.PriceAccountantTests" runstate="Runnable" seed="978042474" result="Passed" start-time="2019-12-19 13:46:48Z" end-time="2019-12-19 13:46:48Z" duration="0.189478" asserts="7" />
              <test-case id="1043" name="Auto_Discount_Role_Succeeds" fullname="EvenCart.Services.Tests.Purchases.MySqlPriceAccountantTests.Auto_Discount_Role_Succeeds" methodname="Auto_Discount_Role_Succeeds" classname="EvenCart.Services.Tests.Purchases.PriceAccountantTests" runstate="Runnable" seed="837245024" result="Passed" start-time="2019-12-19 13:46:48Z" end-time="2019-12-19 13:46:48Z" duration="0.074760" asserts="4" />
              <test-case id="1044" name="Auto_Discount_User_Succeeds" fullname="EvenCart.Services.Tests.Purchases.MySqlPriceAccountantTests.Auto_Discount_User_Succeeds" methodname="Auto_Discount_User_Succeeds" classname="EvenCart.Services.Tests.Purchases.PriceAccountantTests" runstate="Runnable" seed="273707421" result="Passed" start-time="2019-12-19 13:46:48Z" end-time="2019-12-19 13:46:48Z" duration="0.056523" asserts="4" />
              <test-case id="1046" name="Auto_Discount_Vendor_Succeeds" fullname="EvenCart.Services.Tests.Purchases.MySqlPriceAccountantTests.Auto_Discount_Vendor_Succeeds" methodname="Auto_Discount_Vendor_Succeeds" classname="EvenCart.Services.Tests.Purchases.PriceAccountantTests" runstate="Runnable" seed="698608597" result="Passed" start-time="2019-12-19 13:46:48Z" end-time="2019-12-19 13:46:48Z" duration="0.044678" asserts="3" />
              <test-case id="1039" name="Expired_Discount_Application_Fails" fullname="EvenCart.Services.Tests.Purchases.MySqlPriceAccountantTests.Expired_Discount_Application_Fails" methodname="Expired_Discount_Application_Fails" classname="EvenCart.Services.Tests.Purchases.PriceAccountantTests" runstate="Runnable" seed="1290417391" result="Passed" start-time="2019-12-19 13:46:48Z" end-time="2019-12-19 13:46:48Z" duration="0.005413" asserts="1" />
              <test-case id="1038" name="Invalid_Discount_Application_Fails" fullname="EvenCart.Services.Tests.Purchases.MySqlPriceAccountantTests.Invalid_Discount_Application_Fails" methodname="Invalid_Discount_Application_Fails" classname="EvenCart.Services.Tests.Purchases.PriceAccountantTests" runstate="Runnable" seed="1974403303" result="Passed" start-time="2019-12-19 13:46:48Z" end-time="2019-12-19 13:46:48Z" duration="0.004249" asserts="1" />
              <test-case id="1049" name="Manual_Discount_Categories_Succeeds" fullname="EvenCart.Services.Tests.Purchases.MySqlPriceAccountantTests.Manual_Discount_Categories_Succeeds" methodname="Manual_Discount_Categories_Succeeds" classname="EvenCart.Services.Tests.Purchases.PriceAccountantTests" runstate="Runnable" seed="813535809" result="Passed" start-time="2019-12-19 13:46:48Z" end-time="2019-12-19 13:46:48Z" duration="0.056063" asserts="3" />
              <test-case id="1052" name="Manual_Discount_Manufacturer_Succeeds" fullname="EvenCart.Services.Tests.Purchases.MySqlPriceAccountantTests.Manual_Discount_Manufacturer_Succeeds" methodname="Manual_Discount_Manufacturer_Succeeds" classname="EvenCart.Services.Tests.Purchases.PriceAccountantTests" runstate="Runnable" seed="1887846264" result="Passed" start-time="2019-12-19 13:46:48Z" end-time="2019-12-19 13:46:48Z" duration="0.053160" asserts="4" />
              <test-case id="1047" name="Manual_Discount_OrderTotal_Succeeds" fullname="EvenCart.Services.Tests.Purchases.MySqlPriceAccountantTests.Manual_Discount_OrderTotal_Succeeds" methodname="Manual_Discount_OrderTotal_Succeeds" classname="EvenCart.Services.Tests.Purchases.PriceAccountantTests" runstate="Runnable" seed="808967685" result="Passed" start-time="2019-12-19 13:46:48Z" end-time="2019-12-19 13:46:48Z" duration="0.041958" asserts="1" />
              <test-case id="1048" name="Manual_Discount_Product_Succeeds" fullname="EvenCart.Services.Tests.Purchases.MySqlPriceAccountantTests.Manual_Discount_Product_Succeeds" methodname="Manual_Discount_Product_Succeeds" classname="EvenCart.Services.Tests.Purchases.PriceAccountantTests" runstate="Runnable" seed="584059971" result="Passed" start-time="2019-12-19 13:46:48Z" end-time="2019-12-19 13:46:48Z" duration="0.056060" asserts="3" />
              <test-case id="1050" name="Manual_Discount_Role_Succeeds" fullname="EvenCart.Services.Tests.Purchases.MySqlPriceAccountantTests.Manual_Discount_Role_Succeeds" methodname="Manual_Discount_Role_Succeeds" classname="EvenCart.Services.Tests.Purchases.PriceAccountantTests" runstate="Runnable" seed="1122059327" result="Passed" start-time="2019-12-19 13:46:48Z" end-time="2019-12-19 13:46:49Z" duration="0.398560" asserts="8" />
              <test-case id="1051" name="Manual_Discount_User_Succeeds" fullname="EvenCart.Services.Tests.Purchases.MySqlPriceAccountantTests.Manual_Discount_User_Succeeds" methodname="Manual_Discount_User_Succeeds" classname="EvenCart.Services.Tests.Purchases.PriceAccountantTests" runstate="Runnable" seed="2066322866" result="Passed" start-time="2019-12-19 13:46:49Z" end-time="2019-12-19 13:46:49Z" duration="0.107573" asserts="8" />
              <test-case id="1053" name="Manual_Discount_Vendor_Succeeds" fullname="EvenCart.Services.Tests.Purchases.MySqlPriceAccountantTests.Manual_Discount_Vendor_Succeeds" methodname="Manual_Discount_Vendor_Succeeds" classname="EvenCart.Services.Tests.Purchases.PriceAccountantTests" runstate="Runnable" seed="115562819" result="Passed" start-time="2019-12-19 13:46:49Z" end-time="2019-12-19 13:46:49Z" duration="0.057227" asserts="4" />
            </test-suite>
            <test-suite type="TestFixture" id="1010" name="SqlServerCartServiceTests" fullname="EvenCart.Services.Tests.Purchases.SqlServerCartServiceTests" classname="EvenCart.Services.Tests.Purchases.SqlServerCartServiceTests" runstate="Runnable" testcasecount="2" result="Passed" start-time="2019-12-19 13:46:50Z" end-time="2019-12-19 13:46:50Z" duration="0.798157" total="2" passed="2" failed="0" warnings="0" inconclusive="0" skipped="0" asserts="5">
              <test-case id="1012" name="Cart_Item_Addition_And_Removal_Succeeds" fullname="EvenCart.Services.Tests.Purchases.SqlServerCartServiceTests.Cart_Item_Addition_And_Removal_Succeeds" methodname="Cart_Item_Addition_And_Removal_Succeeds" classname="EvenCart.Services.Tests.Purchases.CartServiceTests" runstate="Runnable" seed="1996637612" result="Passed" start-time="2019-12-19 13:46:50Z" end-time="2019-12-19 13:46:50Z" duration="0.104878" asserts="3" />
              <test-case id="1011" name="New_Cart_Creation_Succeeds" fullname="EvenCart.Services.Tests.Purchases.SqlServerCartServiceTests.New_Cart_Creation_Succeeds" methodname="New_Cart_Creation_Succeeds" classname="EvenCart.Services.Tests.Purchases.CartServiceTests" runstate="Runnable" seed="1113970089" result="Passed" start-time="2019-12-19 13:46:50Z" end-time="2019-12-19 13:46:50Z" duration="0.005180" asserts="2" />
            </test-suite>
            <test-suite type="TestFixture" id="1016" name="SqlServerOrderAccountantTests" fullname="EvenCart.Services.Tests.Purchases.SqlServerOrderAccountantTests" classname="EvenCart.Services.Tests.Purchases.SqlServerOrderAccountantTests" runstate="Runnable" testcasecount="1" result="Passed" start-time="2019-12-19 13:46:50Z" end-time="2019-12-19 13:46:51Z" duration="1.001417" total="1" passed="1" failed="0" warnings="0" inconclusive="0" skipped="0" asserts="16">
              <test-case id="1017" name="Auto_Order_Fulfillments_Tests_Succeeds" fullname="EvenCart.Services.Tests.Purchases.SqlServerOrderAccountantTests.Auto_Order_Fulfillments_Tests_Succeeds" methodname="Auto_Order_Fulfillments_Tests_Succeeds" classname="EvenCart.Services.Tests.Purchases.OrderAccountantTests" runstate="Runnable" seed="1791554983" result="Passed" start-time="2019-12-19 13:46:51Z" end-time="2019-12-19 13:46:51Z" duration="0.016849" asserts="16" />
            </test-suite>
            <test-suite type="TestFixture" id="1020" name="SqlServerPriceAccountantTests" fullname="EvenCart.Services.Tests.Purchases.SqlServerPriceAccountantTests" classname="EvenCart.Services.Tests.Purchases.SqlServerPriceAccountantTests" runstate="Runnable" testcasecount="16" result="Passed" start-time="2019-12-19 13:46:51Z" end-time="2019-12-19 13:46:54Z" duration="2.516025" total="16" passed="16" failed="0" warnings="0" inconclusive="0" skipped="0" asserts="60">
              <test-case id="1025" name="Auto_Discount_Category_Succeeds" fullname="EvenCart.Services.Tests.Purchases.SqlServerPriceAccountantTests.Auto_Discount_Category_Succeeds" methodname="Auto_Discount_Category_Succeeds" classname="EvenCart.Services.Tests.Purchases.PriceAccountantTests" runstate="Runnable" seed="1570954499" result="Passed" start-time="2019-12-19 13:46:52Z" end-time="2019-12-19 13:46:52Z" duration="0.179286" asserts="5" />
              <test-case id="1028" name="Auto_Discount_Manufacturer_Succeeds" fullname="EvenCart.Services.Tests.Purchases.SqlServerPriceAccountantTests.Auto_Discount_Manufacturer_Succeeds" methodname="Auto_Discount_Manufacturer_Succeeds" classname="EvenCart.Services.Tests.Purchases.PriceAccountantTests" runstate="Runnable" seed="721219056" result="Passed" start-time="2019-12-19 13:46:52Z" end-time="2019-12-19 13:46:52Z" duration="0.081020" asserts="3" />
              <test-case id="1023" name="Auto_Discount_OrderTotal_Succeeds" fullname="EvenCart.Services.Tests.Purchases.SqlServerPriceAccountantTests.Auto_Discount_OrderTotal_Succeeds" methodname="Auto_Discount_OrderTotal_Succeeds" classname="EvenCart.Services.Tests.Purchases.PriceAccountantTests" runstate="Runnable" seed="1485269077" result="Passed" start-time="2019-12-19 13:46:52Z" end-time="2019-12-19 13:46:52Z" duration="0.040202" asserts="1" />
              <test-case id="1024" name="Auto_Discount_Product_Succeeds" fullname="EvenCart.Services.Tests.Purchases.SqlServerPriceAccountantTests.Auto_Discount_Product_Succeeds" methodname="Auto_Discount_Product_Succeeds" classname="EvenCart.Services.Tests.Purchases.PriceAccountantTests" runstate="Runnable" seed="1745810196" result="Passed" start-time="2019-12-19 13:46:52Z" end-time="2019-12-19 13:46:52Z" duration="0.078112" asserts="7" />
              <test-case id="1026" name="Auto_Discount_Role_Succeeds" fullname="EvenCart.Services.Tests.Purchases.SqlServerPriceAccountantTests.Auto_Discount_Role_Succeeds" methodname="Auto_Discount_Role_Succeeds" classname="EvenCart.Services.Tests.Purchases.PriceAccountantTests" runstate="Runnable" seed="1127369956" result="Passed" start-time="2019-12-19 13:46:52Z" end-time="2019-12-19 13:46:53Z" duration="0.158290" asserts="4" />
              <test-case id="1027" name="Auto_Discount_User_Succeeds" fullname="EvenCart.Services.Tests.Purchases.SqlServerPriceAccountantTests.Auto_Discount_User_Succeeds" methodname="Auto_Discount_User_Succeeds" classname="EvenCart.Services.Tests.Purchases.PriceAccountantTests" runstate="Runnable" seed="473472837" result="Passed" start-time="2019-12-19 13:46:53Z" end-time="2019-12-19 13:46:53Z" duration="0.056000" asserts="4" />
              <test-case id="1029" name="Auto_Discount_Vendor_Succeeds" fullname="EvenCart.Services.Tests.Purchases.SqlServerPriceAccountantTests.Auto_Discount_Vendor_Succeeds" methodname="Auto_Discount_Vendor_Succeeds" classname="EvenCart.Services.Tests.Purchases.PriceAccountantTests" runstate="Runnable" seed="461296369" result="Passed" start-time="2019-12-19 13:46:53Z" end-time="2019-12-19 13:46:53Z" duration="0.088404" asserts="3" />
              <test-case id="1022" name="Expired_Discount_Application_Fails" fullname="EvenCart.Services.Tests.Purchases.SqlServerPriceAccountantTests.Expired_Discount_Application_Fails" methodname="Expired_Discount_Application_Fails" classname="EvenCart.Services.Tests.Purchases.PriceAccountantTests" runstate="Runnable" seed="2027226944" result="Passed" start-time="2019-12-19 13:46:53Z" end-time="2019-12-19 13:46:53Z" duration="0.027158" asserts="1" />
              <test-case id="1021" name="Invalid_Discount_Application_Fails" fullname="EvenCart.Services.Tests.Purchases.SqlServerPriceAccountantTests.Invalid_Discount_Application_Fails" methodname="Invalid_Discount_Application_Fails" classname="EvenCart.Services.Tests.Purchases.PriceAccountantTests" runstate="Runnable" seed="1065920095" result="Passed" start-time="2019-12-19 13:46:53Z" end-time="2019-12-19 13:46:53Z" duration="0.024545" asserts="1" />
              <test-case id="1032" name="Manual_Discount_Categories_Succeeds" fullname="EvenCart.Services.Tests.Purchases.SqlServerPriceAccountantTests.Manual_Discount_Categories_Succeeds" methodname="Manual_Discount_Categories_Succeeds" classname="EvenCart.Services.Tests.Purchases.PriceAccountantTests" runstate="Runnable" seed="709358977" result="Passed" start-time="2019-12-19 13:46:53Z" end-time="2019-12-19 13:46:53Z" duration="0.082371" asserts="3" />
              <test-case id="1035" name="Manual_Discount_Manufacturer_Succeeds" fullname="EvenCart.Services.Tests.Purchases.SqlServerPriceAccountantTests.Manual_Discount_Manufacturer_Succeeds" methodname="Manual_Discount_Manufacturer_Succeeds" classname="EvenCart.Services.Tests.Purchases.PriceAccountantTests" runstate="Runnable" seed="1471846917" result="Passed" start-time="2019-12-19 13:46:53Z" end-time="2019-12-19 13:46:53Z" duration="0.108992" asserts="4" />
              <test-case id="1030" name="Manual_Discount_OrderTotal_Succeeds" fullname="EvenCart.Services.Tests.Purchases.SqlServerPriceAccountantTests.Manual_Discount_OrderTotal_Succeeds" methodname="Manual_Discount_OrderTotal_Succeeds" classname="EvenCart.Services.Tests.Purchases.PriceAccountantTests" runstate="Runnable" seed="488649066" result="Passed" start-time="2019-12-19 13:46:53Z" end-time="2019-12-19 13:46:53Z" duration="0.106072" asserts="1" />
              <test-case id="1031" name="Manual_Discount_Product_Succeeds" fullname="EvenCart.Services.Tests.Purchases.SqlServerPriceAccountantTests.Manual_Discount_Product_Succeeds" methodname="Manual_Discount_Product_Succeeds" classname="EvenCart.Services.Tests.Purchases.PriceAccountantTests" runstate="Runnable" seed="320677071" result="Passed" start-time="2019-12-19 13:46:53Z" end-time="2019-12-19 13:46:53Z" duration="0.061180" asserts="3" />
              <test-case id="1033" name="Manual_Discount_Role_Succeeds" fullname="EvenCart.Services.Tests.Purchases.SqlServerPriceAccountantTests.Manual_Discount_Role_Succeeds" methodname="Manual_Discount_Role_Succeeds" classname="EvenCart.Services.Tests.Purchases.PriceAccountantTests" runstate="Runnable" seed="715913233" result="Passed" start-time="2019-12-19 13:46:53Z" end-time="2019-12-19 13:46:53Z" duration="0.222748" asserts="8" />
              <test-case id="1034" name="Manual_Discount_User_Succeeds" fullname="EvenCart.Services.Tests.Purchases.SqlServerPriceAccountantTests.Manual_Discount_User_Succeeds" methodname="Manual_Discount_User_Succeeds" classname="EvenCart.Services.Tests.Purchases.PriceAccountantTests" runstate="Runnable" seed="1334459786" result="Passed" start-time="2019-12-19 13:46:53Z" end-time="2019-12-19 13:46:54Z" duration="0.178363" asserts="8" />
              <test-case id="1036" name="Manual_Discount_Vendor_Succeeds" fullname="EvenCart.Services.Tests.Purchases.SqlServerPriceAccountantTests.Manual_Discount_Vendor_Succeeds" methodname="Manual_Discount_Vendor_Succeeds" classname="EvenCart.Services.Tests.Purchases.PriceAccountantTests" runstate="Runnable" seed="1436831944" result="Passed" start-time="2019-12-19 13:46:54Z" end-time="2019-12-19 13:46:54Z" duration="0.170440" asserts="4" />
            </test-suite>
          </test-suite>
          <test-suite type="TestSuite" id="1084" name="Users" fullname="EvenCart.Services.Tests.Users" runstate="Runnable" testcasecount="6" result="Passed" start-time="2019-12-19 13:46:01Z" end-time="2019-12-19 13:47:04Z" duration="62.645671" total="6" passed="6" failed="0" warnings="0" inconclusive="0" skipped="0" asserts="14">
            <test-suite type="TestFixture" id="1002" name="MySqlRoleCapabilityTests" fullname="EvenCart.Services.Tests.Users.MySqlRoleCapabilityTests" classname="EvenCart.Services.Tests.Users.MySqlRoleCapabilityTests" runstate="Runnable" testcasecount="1" result="Passed" start-time="2019-12-19 13:46:54Z" end-time="2019-12-19 13:46:58Z" duration="4.234266" total="1" passed="1" failed="0" warnings="0" inconclusive="0" skipped="0" asserts="5">
              <test-case id="1003" name="Role_capability_tests_Succeeds" fullname="EvenCart.Services.Tests.Users.MySqlRoleCapabilityTests.Role_capability_tests_Succeeds" methodname="Role_capability_tests_Succeeds" classname="EvenCart.Services.Tests.Users.RoleCapabilityTests" runstate="Runnable" seed="1564412022" result="Passed" start-time="2019-12-19 13:46:57Z" end-time="2019-12-19 13:46:57Z" duration="0.049522" asserts="5" />
            </test-suite>
            <test-suite type="TestFixture" id="1007" name="MySqlUserAuthenticationTests" fullname="EvenCart.Services.Tests.Users.MySqlUserAuthenticationTests" classname="EvenCart.Services.Tests.Users.MySqlUserAuthenticationTests" runstate="Runnable" testcasecount="2" result="Passed" start-time="2019-12-19 13:46:58Z" end-time="2019-12-19 13:47:02Z" duration="4.291260" total="2" passed="2" failed="0" warnings="0" inconclusive="0" skipped="0" asserts="2">
              <test-case id="1009" name="User_Login_Tests_Succeed" fullname="EvenCart.Services.Tests.Users.MySqlUserAuthenticationTests.User_Login_Tests_Succeed" methodname="User_Login_Tests_Succeed" classname="EvenCart.Services.Tests.Users.UserAuthenticationTests" runstate="Runnable" seed="2044746647" result="Passed" start-time="2019-12-19 13:47:02Z" end-time="2019-12-19 13:47:02Z" duration="0.000238" asserts="0" />
              <test-case id="1008" name="User_Registration_Tests_Succeed" fullname="EvenCart.Services.Tests.Users.MySqlUserAuthenticationTests.User_Registration_Tests_Succeed" methodname="User_Registration_Tests_Succeed" classname="EvenCart.Services.Tests.Users.UserAuthenticationTests" runstate="Runnable" seed="258016773" result="Passed" start-time="2019-12-19 13:47:02Z" end-time="2019-12-19 13:47:02Z" duration="0.008265" asserts="2" />
            </test-suite>
            <test-suite type="TestFixture" id="1000" name="SqlServerRoleCapabilityTests" fullname="EvenCart.Services.Tests.Users.SqlServerRoleCapabilityTests" classname="EvenCart.Services.Tests.Users.SqlServerRoleCapabilityTests" runstate="Runnable" testcasecount="1" result="Passed" start-time="2019-12-19 13:47:02Z" end-time="2019-12-19 13:47:03Z" duration="0.993622" total="1" passed="1" failed="0" warnings="0" inconclusive="0" skipped="0" asserts="5">
              <test-case id="1001" name="Role_capability_tests_Succeeds" fullname="EvenCart.Services.Tests.Users.SqlServerRoleCapabilityTests.Role_capability_tests_Succeeds" methodname="Role_capability_tests_Succeeds" classname="EvenCart.Services.Tests.Users.RoleCapabilityTests" runstate="Runnable" seed="473235106" result="Passed" start-time="2019-12-19 13:47:03Z" end-time="2019-12-19 13:47:03Z" duration="0.039074" asserts="5" />
            </test-suite>
            <test-suite type="TestFixture" id="1004" name="SqlServerUserAuthenticationTests" fullname="EvenCart.Services.Tests.Users.SqlServerUserAuthenticationTests" classname="EvenCart.Services.Tests.Users.SqlServerUserAuthenticationTests" runstate="Runnable" testcasecount="2" result="Passed" start-time="2019-12-19 13:47:03Z" end-time="2019-12-19 13:47:04Z" duration="0.711623" total="2" passed="2" failed="0" warnings="0" inconclusive="0" skipped="0" asserts="2">
              <test-case id="1006" name="User_Login_Tests_Succeed" fullname="EvenCart.Services.Tests.Users.SqlServerUserAuthenticationTests.User_Login_Tests_Succeed" methodname="User_Login_Tests_Succeed" classname="EvenCart.Services.Tests.Users.UserAuthenticationTests" runstate="Runnable" seed="1367414537" result="Passed" start-time="2019-12-19 13:47:04Z" end-time="2019-12-19 13:47:04Z" duration="0.000070" asserts="0" />
              <test-case id="1005" name="User_Registration_Tests_Succeed" fullname="EvenCart.Services.Tests.Users.SqlServerUserAuthenticationTests.User_Registration_Tests_Succeed" methodname="User_Registration_Tests_Succeed" classname="EvenCart.Services.Tests.Users.UserAuthenticationTests" runstate="Runnable" seed="1112976412" result="Passed" start-time="2019-12-19 13:47:04Z" end-time="2019-12-19 13:47:04Z" duration="0.006189" asserts="2" />
            </test-suite>
          </test-suite>
        </test-suite>
      </test-suite>
    </test-suite>
  </test-suite>
</test-run>